0 verbose cli /home/rafael/.nvm/versions/node/v20.7.0/bin/node /home/rafael/.nvm/versions/node/v20.7.0/bin/npm
1 info using npm@10.1.0
2 info using node@v20.7.0
3 timing npm:load:whichnode Completed in 1ms
4 timing config:load:defaults Completed in 2ms
5 timing config:load:file:/home/rafael/.nvm/versions/node/v20.7.0/lib/node_modules/npm/npmrc Completed in 0ms
6 timing config:load:builtin Completed in 0ms
7 timing config:load:cli Completed in 2ms
8 timing config:load:env Completed in 1ms
9 timing config:load:file:/home/rafael/proinspec/.npmrc Completed in 0ms
10 timing config:load:project Completed in 2ms
11 timing config:load:file:/home/rafael/.npmrc Completed in 0ms
12 timing config:load:user Completed in 0ms
13 timing config:load:file:/home/rafael/.nvm/versions/node/v20.7.0/etc/npmrc Completed in 0ms
14 timing config:load:global Completed in 0ms
15 timing config:load:setEnvs Completed in 1ms
16 timing config:load Completed in 8ms
17 timing npm:load:configload Completed in 8ms
18 timing config:load:flatten Completed in 2ms
19 timing npm:load:mkdirpcache Completed in 0ms
20 timing npm:load:mkdirplogs Completed in 0ms
21 verbose title npm
22 verbose argv "-cache" "reset"
23 timing npm:load:setTitle Completed in 1ms
24 timing npm:load:display Completed in 0ms
25 verbose logfile logs-max:10 dir:/home/rafael/proinspec/reset/_logs/2023-11-21T00_26_47_009Z-
26 verbose logfile /home/rafael/proinspec/reset/_logs/2023-11-21T00_26_47_009Z-debug-0.log
27 timing npm:load:logFile Completed in 6ms
28 timing npm:load:timers Completed in 0ms
29 timing npm:load:configScope Completed in 0ms
30 timing npm:load Completed in 26ms
31 verbose exit 1
32 timing npm Completed in 30ms
33 verbose code 1
